<?xml version="1.0" encoding="UTF-8"?>
<testsuite xmlns:xsi="http://www.w3.org/2001/XMLSchema-instance" xsi:noNamespaceSchemaLocation="https://maven.apache.org/surefire/maven-surefire-plugin/xsd/surefire-test-report-3.0.xsd" version="3.0" name="com.ricodev.e_commerceapigateway.ECommerceApiGatewayApplicationTests" time="12.891" tests="1" errors="0" skipped="0" failures="0">
  <properties>
    <property name="java.specification.version" value="21"/>
    <property name="sun.jnu.encoding" value="UTF-8"/>
    <property name="java.class.path" value="/home/rico/projects/springProjects/ApiGateway_Microservice/e_commerceApiGateway/target/test-classes:/home/rico/projects/springProjects/ApiGateway_Microservice/e_commerceApiGateway/target/classes:/home/rico/.m2/repository/org/springframework/cloud/spring-cloud-starter-gateway/4.0.7/spring-cloud-starter-gateway-4.0.7.jar:/home/rico/.m2/repository/org/springframework/cloud/spring-cloud-starter/4.0.4/spring-cloud-starter-4.0.4.jar:/home/rico/.m2/repository/org/springframework/cloud/spring-cloud-context/4.0.4/spring-cloud-context-4.0.4.jar:/home/rico/.m2/repository/org/springframework/security/spring-security-rsa/1.0.12.RELEASE/spring-security-rsa-1.0.12.RELEASE.jar:/home/rico/.m2/repository/org/bouncycastle/bcpkix-jdk18on/1.73/bcpkix-jdk18on-1.73.jar:/home/rico/.m2/repository/org/bouncycastle/bcprov-jdk18on/1.73/bcprov-jdk18on-1.73.jar:/home/rico/.m2/repository/org/bouncycastle/bcutil-jdk18on/1.73/bcutil-jdk18on-1.73.jar:/home/rico/.m2/repository/org/springframework/cloud/spring-cloud-gateway-server/4.0.7/spring-cloud-gateway-server-4.0.7.jar:/home/rico/.m2/repository/org/springframework/boot/spring-boot-starter-validation/3.1.5/spring-boot-starter-validation-3.1.5.jar:/home/rico/.m2/repository/org/apache/tomcat/embed/tomcat-embed-el/10.1.15/tomcat-embed-el-10.1.15.jar:/home/rico/.m2/repository/org/hibernate/validator/hibernate-validator/8.0.1.Final/hibernate-validator-8.0.1.Final.jar:/home/rico/.m2/repository/jakarta/validation/jakarta.validation-api/3.0.2/jakarta.validation-api-3.0.2.jar:/home/rico/.m2/repository/org/jboss/logging/jboss-logging/3.5.3.Final/jboss-logging-3.5.3.Final.jar:/home/rico/.m2/repository/com/fasterxml/classmate/1.5.1/classmate-1.5.1.jar:/home/rico/.m2/repository/io/projectreactor/addons/reactor-extra/3.5.1/reactor-extra-3.5.1.jar:/home/rico/.m2/repository/org/springframework/cloud/spring-cloud-starter-circuitbreaker-resilience4j/3.0.3/spring-cloud-starter-circuitbreaker-resilience4j-3.0.3.jar:/home/rico/.m2/repository/org/springframework/cloud/spring-cloud-circuitbreaker-resilience4j/3.0.3/spring-cloud-circuitbreaker-resilience4j-3.0.3.jar:/home/rico/.m2/repository/io/micrometer/micrometer-observation/1.11.5/micrometer-observation-1.11.5.jar:/home/rico/.m2/repository/io/micrometer/micrometer-commons/1.11.5/micrometer-commons-1.11.5.jar:/home/rico/.m2/repository/io/github/resilience4j/resilience4j-spring-boot3/2.0.2/resilience4j-spring-boot3-2.0.2.jar:/home/rico/.m2/repository/io/github/resilience4j/resilience4j-spring6/2.0.2/resilience4j-spring6-2.0.2.jar:/home/rico/.m2/repository/io/github/resilience4j/resilience4j-annotations/2.0.2/resilience4j-annotations-2.0.2.jar:/home/rico/.m2/repository/io/github/resilience4j/resilience4j-consumer/2.0.2/resilience4j-consumer-2.0.2.jar:/home/rico/.m2/repository/io/github/resilience4j/resilience4j-circularbuffer/2.0.2/resilience4j-circularbuffer-2.0.2.jar:/home/rico/.m2/repository/io/github/resilience4j/resilience4j-framework-common/2.0.2/resilience4j-framework-common-2.0.2.jar:/home/rico/.m2/repository/io/github/resilience4j/resilience4j-micrometer/2.0.2/resilience4j-micrometer-2.0.2.jar:/home/rico/.m2/repository/io/micrometer/micrometer-core/1.11.5/micrometer-core-1.11.5.jar:/home/rico/.m2/repository/org/hdrhistogram/HdrHistogram/2.1.12/HdrHistogram-2.1.12.jar:/home/rico/.m2/repository/org/latencyutils/LatencyUtils/2.0.3/LatencyUtils-2.0.3.jar:/home/rico/.m2/repository/io/github/resilience4j/resilience4j-retry/2.0.2/resilience4j-retry-2.0.2.jar:/home/rico/.m2/repository/io/github/resilience4j/resilience4j-ratelimiter/2.0.2/resilience4j-ratelimiter-2.0.2.jar:/home/rico/.m2/repository/io/github/resilience4j/resilience4j-circuitbreaker/2.0.2/resilience4j-circuitbreaker-2.0.2.jar:/home/rico/.m2/repository/io/github/resilience4j/resilience4j-core/2.0.2/resilience4j-core-2.0.2.jar:/home/rico/.m2/repository/org/slf4j/slf4j-api/2.0.9/slf4j-api-2.0.9.jar:/home/rico/.m2/repository/io/github/resilience4j/resilience4j-timelimiter/2.0.2/resilience4j-timelimiter-2.0.2.jar:/home/rico/.m2/repository/org/springframework/cloud/spring-cloud-starter-openfeign/4.0.4/spring-cloud-starter-openfeign-4.0.4.jar:/home/rico/.m2/repository/org/springframework/cloud/spring-cloud-openfeign-core/4.0.4/spring-cloud-openfeign-core-4.0.4.jar:/home/rico/.m2/repository/org/springframework/boot/spring-boot-autoconfigure/3.1.5/spring-boot-autoconfigure-3.1.5.jar:/home/rico/.m2/repository/org/springframework/boot/spring-boot-starter-aop/3.1.5/spring-boot-starter-aop-3.1.5.jar:/home/rico/.m2/repository/org/springframework/spring-aop/6.0.13/spring-aop-6.0.13.jar:/home/rico/.m2/repository/org/aspectj/aspectjweaver/1.9.20/aspectjweaver-1.9.20.jar:/home/rico/.m2/repository/io/github/openfeign/form/feign-form-spring/3.8.0/feign-form-spring-3.8.0.jar:/home/rico/.m2/repository/io/github/openfeign/form/feign-form/3.8.0/feign-form-3.8.0.jar:/home/rico/.m2/repository/commons-fileupload/commons-fileupload/1.5/commons-fileupload-1.5.jar:/home/rico/.m2/repository/commons-io/commons-io/2.11.0/commons-io-2.11.0.jar:/home/rico/.m2/repository/org/springframework/spring-web/6.0.13/spring-web-6.0.13.jar:/home/rico/.m2/repository/org/springframework/spring-beans/6.0.13/spring-beans-6.0.13.jar:/home/rico/.m2/repository/org/springframework/cloud/spring-cloud-commons/4.0.4/spring-cloud-commons-4.0.4.jar:/home/rico/.m2/repository/org/springframework/security/spring-security-crypto/6.1.5/spring-security-crypto-6.1.5.jar:/home/rico/.m2/repository/io/github/openfeign/feign-core/12.4/feign-core-12.4.jar:/home/rico/.m2/repository/io/github/openfeign/feign-slf4j/12.4/feign-slf4j-12.4.jar:/home/rico/.m2/repository/org/projectlombok/lombok/1.18.30/lombok-1.18.30.jar:/home/rico/.m2/repository/org/springframework/cloud/spring-cloud-starter-netflix-eureka-client/4.0.3/spring-cloud-starter-netflix-eureka-client-4.0.3.jar:/home/rico/.m2/repository/org/springframework/cloud/spring-cloud-netflix-eureka-client/4.0.3/spring-cloud-netflix-eureka-client-4.0.3.jar:/home/rico/.m2/repository/org/apache/httpcomponents/client5/httpclient5/5.2.1/httpclient5-5.2.1.jar:/home/rico/.m2/repository/org/apache/httpcomponents/core5/httpcore5/5.2.3/httpcore5-5.2.3.jar:/home/rico/.m2/repository/org/apache/httpcomponents/core5/httpcore5-h2/5.2.3/httpcore5-h2-5.2.3.jar:/home/rico/.m2/repository/com/netflix/eureka/eureka-client/2.0.1/eureka-client-2.0.1.jar:/home/rico/.m2/repository/com/netflix/netflix-commons/netflix-eventbus/0.3.0/netflix-eventbus-0.3.0.jar:/home/rico/.m2/repository/com/netflix/netflix-commons/netflix-infix/0.3.0/netflix-infix-0.3.0.jar:/home/rico/.m2/repository/commons-jxpath/commons-jxpath/1.3/commons-jxpath-1.3.jar:/home/rico/.m2/repository/joda-time/joda-time/2.3/joda-time-2.3.jar:/home/rico/.m2/repository/org/antlr/antlr-runtime/3.4/antlr-runtime-3.4.jar:/home/rico/.m2/repository/org/antlr/stringtemplate/3.2.1/stringtemplate-3.2.1.jar:/home/rico/.m2/repository/antlr/antlr/2.7.7/antlr-2.7.7.jar:/home/rico/.m2/repository/com/google/code/gson/gson/2.10.1/gson-2.10.1.jar:/home/rico/.m2/repository/org/apache/commons/commons-math/2.2/commons-math-2.2.jar:/home/rico/.m2/repository/com/thoughtworks/xstream/xstream/1.4.19/xstream-1.4.19.jar:/home/rico/.m2/repository/io/github/x-stream/mxparser/1.2.2/mxparser-1.2.2.jar:/home/rico/.m2/repository/xmlpull/xmlpull/1.1.3.1/xmlpull-1.1.3.1.jar:/home/rico/.m2/repository/jakarta/ws/rs/jakarta.ws.rs-api/3.1.0/jakarta.ws.rs-api-3.1.0.jar:/home/rico/.m2/repository/jakarta/inject/jakarta.inject-api/2.0.1/jakarta.inject-api-2.0.1.jar:/home/rico/.m2/repository/jakarta/annotation/jakarta.annotation-api/2.1.1/jakarta.annotation-api-2.1.1.jar:/home/rico/.m2/repository/com/netflix/servo/servo-core/0.12.21/servo-core-0.12.21.jar:/home/rico/.m2/repository/com/google/guava/guava/19.0/guava-19.0.jar:/home/rico/.m2/repository/org/apache/httpcomponents/httpclient/4.5.3/httpclient-4.5.3.jar:/home/rico/.m2/repository/org/apache/httpcomponents/httpcore/4.4.16/httpcore-4.4.16.jar:/home/rico/.m2/repository/commons-codec/commons-codec/1.15/commons-codec-1.15.jar:/home/rico/.m2/repository/commons-configuration/commons-configuration/1.10/commons-configuration-1.10.jar:/home/rico/.m2/repository/commons-lang/commons-lang/2.6/commons-lang-2.6.jar:/home/rico/.m2/repository/com/fasterxml/jackson/core/jackson-annotations/2.15.3/jackson-annotations-2.15.3.jar:/home/rico/.m2/repository/com/fasterxml/jackson/core/jackson-core/2.15.3/jackson-core-2.15.3.jar:/home/rico/.m2/repository/com/fasterxml/jackson/core/jackson-databind/2.15.3/jackson-databind-2.15.3.jar:/home/rico/.m2/repository/org/codehaus/jettison/jettison/1.4.0/jettison-1.4.0.jar:/home/rico/.m2/repository/com/netflix/eureka/eureka-core/2.0.1/eureka-core-2.0.1.jar:/home/rico/.m2/repository/jakarta/servlet/jakarta.servlet-api/6.0.0/jakarta.servlet-api-6.0.0.jar:/home/rico/.m2/repository/com/fasterxml/woodstox/woodstox-core/6.2.1/woodstox-core-6.2.1.jar:/home/rico/.m2/repository/org/codehaus/woodstox/stax2-api/4.2.1/stax2-api-4.2.1.jar:/home/rico/.m2/repository/org/springframework/cloud/spring-cloud-starter-loadbalancer/4.0.4/spring-cloud-starter-loadbalancer-4.0.4.jar:/home/rico/.m2/repository/org/springframework/cloud/spring-cloud-loadbalancer/4.0.4/spring-cloud-loadbalancer-4.0.4.jar:/home/rico/.m2/repository/org/springframework/boot/spring-boot-starter-cache/3.1.5/spring-boot-starter-cache-3.1.5.jar:/home/rico/.m2/repository/org/springframework/spring-context-support/6.0.13/spring-context-support-6.0.13.jar:/home/rico/.m2/repository/com/stoyanr/evictor/1.0.0/evictor-1.0.0.jar:/home/rico/.m2/repository/org/springframework/boot/spring-boot-starter-webflux/3.1.5/spring-boot-starter-webflux-3.1.5.jar:/home/rico/.m2/repository/org/springframework/boot/spring-boot-starter/3.1.5/spring-boot-starter-3.1.5.jar:/home/rico/.m2/repository/org/springframework/boot/spring-boot/3.1.5/spring-boot-3.1.5.jar:/home/rico/.m2/repository/org/springframework/spring-context/6.0.13/spring-context-6.0.13.jar:/home/rico/.m2/repository/org/springframework/spring-expression/6.0.13/spring-expression-6.0.13.jar:/home/rico/.m2/repository/org/springframework/boot/spring-boot-starter-logging/3.1.5/spring-boot-starter-logging-3.1.5.jar:/home/rico/.m2/repository/ch/qos/logback/logback-classic/1.4.11/logback-classic-1.4.11.jar:/home/rico/.m2/repository/ch/qos/logback/logback-core/1.4.11/logback-core-1.4.11.jar:/home/rico/.m2/repository/org/apache/logging/log4j/log4j-to-slf4j/2.20.0/log4j-to-slf4j-2.20.0.jar:/home/rico/.m2/repository/org/apache/logging/log4j/log4j-api/2.20.0/log4j-api-2.20.0.jar:/home/rico/.m2/repository/org/slf4j/jul-to-slf4j/2.0.9/jul-to-slf4j-2.0.9.jar:/home/rico/.m2/repository/org/yaml/snakeyaml/1.33/snakeyaml-1.33.jar:/home/rico/.m2/repository/org/springframework/boot/spring-boot-starter-json/3.1.5/spring-boot-starter-json-3.1.5.jar:/home/rico/.m2/repository/com/fasterxml/jackson/datatype/jackson-datatype-jdk8/2.15.3/jackson-datatype-jdk8-2.15.3.jar:/home/rico/.m2/repository/com/fasterxml/jackson/datatype/jackson-datatype-jsr310/2.15.3/jackson-datatype-jsr310-2.15.3.jar:/home/rico/.m2/repository/com/fasterxml/jackson/module/jackson-module-parameter-names/2.15.3/jackson-module-parameter-names-2.15.3.jar:/home/rico/.m2/repository/org/springframework/boot/spring-boot-starter-reactor-netty/3.1.5/spring-boot-starter-reactor-netty-3.1.5.jar:/home/rico/.m2/repository/io/projectreactor/netty/reactor-netty-http/1.1.12/reactor-netty-http-1.1.12.jar:/home/rico/.m2/repository/io/netty/netty-codec-http/4.1.100.Final/netty-codec-http-4.1.100.Final.jar:/home/rico/.m2/repository/io/netty/netty-common/4.1.100.Final/netty-common-4.1.100.Final.jar:/home/rico/.m2/repository/io/netty/netty-buffer/4.1.100.Final/netty-buffer-4.1.100.Final.jar:/home/rico/.m2/repository/io/netty/netty-transport/4.1.100.Final/netty-transport-4.1.100.Final.jar:/home/rico/.m2/repository/io/netty/netty-codec/4.1.100.Final/netty-codec-4.1.100.Final.jar:/home/rico/.m2/repository/io/netty/netty-handler/4.1.100.Final/netty-handler-4.1.100.Final.jar:/home/rico/.m2/repository/io/netty/netty-codec-http2/4.1.100.Final/netty-codec-http2-4.1.100.Final.jar:/home/rico/.m2/repository/io/netty/netty-resolver-dns/4.1.100.Final/netty-resolver-dns-4.1.100.Final.jar:/home/rico/.m2/repository/io/netty/netty-resolver/4.1.100.Final/netty-resolver-4.1.100.Final.jar:/home/rico/.m2/repository/io/netty/netty-codec-dns/4.1.100.Final/netty-codec-dns-4.1.100.Final.jar:/home/rico/.m2/repository/io/netty/netty-resolver-dns-native-macos/4.1.100.Final/netty-resolver-dns-native-macos-4.1.100.Final-osx-x86_64.jar:/home/rico/.m2/repository/io/netty/netty-resolver-dns-classes-macos/4.1.100.Final/netty-resolver-dns-classes-macos-4.1.100.Final.jar:/home/rico/.m2/repository/io/netty/netty-transport-native-epoll/4.1.100.Final/netty-transport-native-epoll-4.1.100.Final-linux-x86_64.jar:/home/rico/.m2/repository/io/netty/netty-transport-native-unix-common/4.1.100.Final/netty-transport-native-unix-common-4.1.100.Final.jar:/home/rico/.m2/repository/io/netty/netty-transport-classes-epoll/4.1.100.Final/netty-transport-classes-epoll-4.1.100.Final.jar:/home/rico/.m2/repository/io/projectreactor/netty/reactor-netty-core/1.1.12/reactor-netty-core-1.1.12.jar:/home/rico/.m2/repository/io/netty/netty-handler-proxy/4.1.100.Final/netty-handler-proxy-4.1.100.Final.jar:/home/rico/.m2/repository/io/netty/netty-codec-socks/4.1.100.Final/netty-codec-socks-4.1.100.Final.jar:/home/rico/.m2/repository/org/springframework/spring-webflux/6.0.13/spring-webflux-6.0.13.jar:/home/rico/.m2/repository/io/projectreactor/reactor-core/3.5.11/reactor-core-3.5.11.jar:/home/rico/.m2/repository/org/reactivestreams/reactive-streams/1.0.4/reactive-streams-1.0.4.jar:/home/rico/.m2/repository/org/springframework/boot/spring-boot-starter-test/3.1.5/spring-boot-starter-test-3.1.5.jar:/home/rico/.m2/repository/org/springframework/boot/spring-boot-test/3.1.5/spring-boot-test-3.1.5.jar:/home/rico/.m2/repository/org/springframework/boot/spring-boot-test-autoconfigure/3.1.5/spring-boot-test-autoconfigure-3.1.5.jar:/home/rico/.m2/repository/com/jayway/jsonpath/json-path/2.8.0/json-path-2.8.0.jar:/home/rico/.m2/repository/jakarta/xml/bind/jakarta.xml.bind-api/4.0.1/jakarta.xml.bind-api-4.0.1.jar:/home/rico/.m2/repository/jakarta/activation/jakarta.activation-api/2.1.2/jakarta.activation-api-2.1.2.jar:/home/rico/.m2/repository/net/minidev/json-smart/2.4.11/json-smart-2.4.11.jar:/home/rico/.m2/repository/net/minidev/accessors-smart/2.4.11/accessors-smart-2.4.11.jar:/home/rico/.m2/repository/org/ow2/asm/asm/9.3/asm-9.3.jar:/home/rico/.m2/repository/org/assertj/assertj-core/3.24.2/assertj-core-3.24.2.jar:/home/rico/.m2/repository/net/bytebuddy/byte-buddy/1.14.9/byte-buddy-1.14.9.jar:/home/rico/.m2/repository/org/hamcrest/hamcrest/2.2/hamcrest-2.2.jar:/home/rico/.m2/repository/org/junit/jupiter/junit-jupiter/5.9.3/junit-jupiter-5.9.3.jar:/home/rico/.m2/repository/org/junit/jupiter/junit-jupiter-api/5.9.3/junit-jupiter-api-5.9.3.jar:/home/rico/.m2/repository/org/opentest4j/opentest4j/1.2.0/opentest4j-1.2.0.jar:/home/rico/.m2/repository/org/junit/platform/junit-platform-commons/1.9.3/junit-platform-commons-1.9.3.jar:/home/rico/.m2/repository/org/apiguardian/apiguardian-api/1.1.2/apiguardian-api-1.1.2.jar:/home/rico/.m2/repository/org/junit/jupiter/junit-jupiter-params/5.9.3/junit-jupiter-params-5.9.3.jar:/home/rico/.m2/repository/org/junit/jupiter/junit-jupiter-engine/5.9.3/junit-jupiter-engine-5.9.3.jar:/home/rico/.m2/repository/org/junit/platform/junit-platform-engine/1.9.3/junit-platform-engine-1.9.3.jar:/home/rico/.m2/repository/org/mockito/mockito-core/5.3.1/mockito-core-5.3.1.jar:/home/rico/.m2/repository/net/bytebuddy/byte-buddy-agent/1.14.9/byte-buddy-agent-1.14.9.jar:/home/rico/.m2/repository/org/objenesis/objenesis/3.3/objenesis-3.3.jar:/home/rico/.m2/repository/org/mockito/mockito-junit-jupiter/5.3.1/mockito-junit-jupiter-5.3.1.jar:/home/rico/.m2/repository/org/skyscreamer/jsonassert/1.5.1/jsonassert-1.5.1.jar:/home/rico/.m2/repository/com/vaadin/external/google/android-json/0.0.20131108.vaadin1/android-json-0.0.20131108.vaadin1.jar:/home/rico/.m2/repository/org/springframework/spring-core/6.0.13/spring-core-6.0.13.jar:/home/rico/.m2/repository/org/springframework/spring-jcl/6.0.13/spring-jcl-6.0.13.jar:/home/rico/.m2/repository/org/springframework/spring-test/6.0.13/spring-test-6.0.13.jar:/home/rico/.m2/repository/org/xmlunit/xmlunit-core/2.9.1/xmlunit-core-2.9.1.jar:"/>
    <property name="java.vm.vendor" value="Oracle Corporation"/>
    <property name="sun.arch.data.model" value="64"/>
    <property name="java.vendor.url" value="https://java.oracle.com/"/>
    <property name="user.timezone" value="Africa/Nairobi"/>
    <property name="org.jboss.logging.provider" value="slf4j"/>
    <property name="os.name" value="Linux"/>
    <property name="java.vm.specification.version" value="21"/>
    <property name="sun.java.launcher" value="SUN_STANDARD"/>
    <property name="user.country" value="US"/>
    <property name="sun.boot.library.path" value="/home/rico/Downloads/jdk-21/lib"/>
    <property name="sun.java.command" value="/home/rico/projects/springProjects/ApiGateway_Microservice/e_commerceApiGateway/target/surefire/surefirebooter-20231104182528045_3.jar /home/rico/projects/springProjects/ApiGateway_Microservice/e_commerceApiGateway/target/surefire 2023-11-04T18-25-27_924-jvmRun1 surefire-20231104182528045_1tmp surefire_0-20231104182528045_2tmp"/>
    <property name="jdk.debug" value="release"/>
    <property name="surefire.test.class.path" value="/home/rico/projects/springProjects/ApiGateway_Microservice/e_commerceApiGateway/target/test-classes:/home/rico/projects/springProjects/ApiGateway_Microservice/e_commerceApiGateway/target/classes:/home/rico/.m2/repository/org/springframework/cloud/spring-cloud-starter-gateway/4.0.7/spring-cloud-starter-gateway-4.0.7.jar:/home/rico/.m2/repository/org/springframework/cloud/spring-cloud-starter/4.0.4/spring-cloud-starter-4.0.4.jar:/home/rico/.m2/repository/org/springframework/cloud/spring-cloud-context/4.0.4/spring-cloud-context-4.0.4.jar:/home/rico/.m2/repository/org/springframework/security/spring-security-rsa/1.0.12.RELEASE/spring-security-rsa-1.0.12.RELEASE.jar:/home/rico/.m2/repository/org/bouncycastle/bcpkix-jdk18on/1.73/bcpkix-jdk18on-1.73.jar:/home/rico/.m2/repository/org/bouncycastle/bcprov-jdk18on/1.73/bcprov-jdk18on-1.73.jar:/home/rico/.m2/repository/org/bouncycastle/bcutil-jdk18on/1.73/bcutil-jdk18on-1.73.jar:/home/rico/.m2/repository/org/springframework/cloud/spring-cloud-gateway-server/4.0.7/spring-cloud-gateway-server-4.0.7.jar:/home/rico/.m2/repository/org/springframework/boot/spring-boot-starter-validation/3.1.5/spring-boot-starter-validation-3.1.5.jar:/home/rico/.m2/repository/org/apache/tomcat/embed/tomcat-embed-el/10.1.15/tomcat-embed-el-10.1.15.jar:/home/rico/.m2/repository/org/hibernate/validator/hibernate-validator/8.0.1.Final/hibernate-validator-8.0.1.Final.jar:/home/rico/.m2/repository/jakarta/validation/jakarta.validation-api/3.0.2/jakarta.validation-api-3.0.2.jar:/home/rico/.m2/repository/org/jboss/logging/jboss-logging/3.5.3.Final/jboss-logging-3.5.3.Final.jar:/home/rico/.m2/repository/com/fasterxml/classmate/1.5.1/classmate-1.5.1.jar:/home/rico/.m2/repository/io/projectreactor/addons/reactor-extra/3.5.1/reactor-extra-3.5.1.jar:/home/rico/.m2/repository/org/springframework/cloud/spring-cloud-starter-circuitbreaker-resilience4j/3.0.3/spring-cloud-starter-circuitbreaker-resilience4j-3.0.3.jar:/home/rico/.m2/repository/org/springframework/cloud/spring-cloud-circuitbreaker-resilience4j/3.0.3/spring-cloud-circuitbreaker-resilience4j-3.0.3.jar:/home/rico/.m2/repository/io/micrometer/micrometer-observation/1.11.5/micrometer-observation-1.11.5.jar:/home/rico/.m2/repository/io/micrometer/micrometer-commons/1.11.5/micrometer-commons-1.11.5.jar:/home/rico/.m2/repository/io/github/resilience4j/resilience4j-spring-boot3/2.0.2/resilience4j-spring-boot3-2.0.2.jar:/home/rico/.m2/repository/io/github/resilience4j/resilience4j-spring6/2.0.2/resilience4j-spring6-2.0.2.jar:/home/rico/.m2/repository/io/github/resilience4j/resilience4j-annotations/2.0.2/resilience4j-annotations-2.0.2.jar:/home/rico/.m2/repository/io/github/resilience4j/resilience4j-consumer/2.0.2/resilience4j-consumer-2.0.2.jar:/home/rico/.m2/repository/io/github/resilience4j/resilience4j-circularbuffer/2.0.2/resilience4j-circularbuffer-2.0.2.jar:/home/rico/.m2/repository/io/github/resilience4j/resilience4j-framework-common/2.0.2/resilience4j-framework-common-2.0.2.jar:/home/rico/.m2/repository/io/github/resilience4j/resilience4j-micrometer/2.0.2/resilience4j-micrometer-2.0.2.jar:/home/rico/.m2/repository/io/micrometer/micrometer-core/1.11.5/micrometer-core-1.11.5.jar:/home/rico/.m2/repository/org/hdrhistogram/HdrHistogram/2.1.12/HdrHistogram-2.1.12.jar:/home/rico/.m2/repository/org/latencyutils/LatencyUtils/2.0.3/LatencyUtils-2.0.3.jar:/home/rico/.m2/repository/io/github/resilience4j/resilience4j-retry/2.0.2/resilience4j-retry-2.0.2.jar:/home/rico/.m2/repository/io/github/resilience4j/resilience4j-ratelimiter/2.0.2/resilience4j-ratelimiter-2.0.2.jar:/home/rico/.m2/repository/io/github/resilience4j/resilience4j-circuitbreaker/2.0.2/resilience4j-circuitbreaker-2.0.2.jar:/home/rico/.m2/repository/io/github/resilience4j/resilience4j-core/2.0.2/resilience4j-core-2.0.2.jar:/home/rico/.m2/repository/org/slf4j/slf4j-api/2.0.9/slf4j-api-2.0.9.jar:/home/rico/.m2/repository/io/github/resilience4j/resilience4j-timelimiter/2.0.2/resilience4j-timelimiter-2.0.2.jar:/home/rico/.m2/repository/org/springframework/cloud/spring-cloud-starter-openfeign/4.0.4/spring-cloud-starter-openfeign-4.0.4.jar:/home/rico/.m2/repository/org/springframework/cloud/spring-cloud-openfeign-core/4.0.4/spring-cloud-openfeign-core-4.0.4.jar:/home/rico/.m2/repository/org/springframework/boot/spring-boot-autoconfigure/3.1.5/spring-boot-autoconfigure-3.1.5.jar:/home/rico/.m2/repository/org/springframework/boot/spring-boot-starter-aop/3.1.5/spring-boot-starter-aop-3.1.5.jar:/home/rico/.m2/repository/org/springframework/spring-aop/6.0.13/spring-aop-6.0.13.jar:/home/rico/.m2/repository/org/aspectj/aspectjweaver/1.9.20/aspectjweaver-1.9.20.jar:/home/rico/.m2/repository/io/github/openfeign/form/feign-form-spring/3.8.0/feign-form-spring-3.8.0.jar:/home/rico/.m2/repository/io/github/openfeign/form/feign-form/3.8.0/feign-form-3.8.0.jar:/home/rico/.m2/repository/commons-fileupload/commons-fileupload/1.5/commons-fileupload-1.5.jar:/home/rico/.m2/repository/commons-io/commons-io/2.11.0/commons-io-2.11.0.jar:/home/rico/.m2/repository/org/springframework/spring-web/6.0.13/spring-web-6.0.13.jar:/home/rico/.m2/repository/org/springframework/spring-beans/6.0.13/spring-beans-6.0.13.jar:/home/rico/.m2/repository/org/springframework/cloud/spring-cloud-commons/4.0.4/spring-cloud-commons-4.0.4.jar:/home/rico/.m2/repository/org/springframework/security/spring-security-crypto/6.1.5/spring-security-crypto-6.1.5.jar:/home/rico/.m2/repository/io/github/openfeign/feign-core/12.4/feign-core-12.4.jar:/home/rico/.m2/repository/io/github/openfeign/feign-slf4j/12.4/feign-slf4j-12.4.jar:/home/rico/.m2/repository/org/projectlombok/lombok/1.18.30/lombok-1.18.30.jar:/home/rico/.m2/repository/org/springframework/cloud/spring-cloud-starter-netflix-eureka-client/4.0.3/spring-cloud-starter-netflix-eureka-client-4.0.3.jar:/home/rico/.m2/repository/org/springframework/cloud/spring-cloud-netflix-eureka-client/4.0.3/spring-cloud-netflix-eureka-client-4.0.3.jar:/home/rico/.m2/repository/org/apache/httpcomponents/client5/httpclient5/5.2.1/httpclient5-5.2.1.jar:/home/rico/.m2/repository/org/apache/httpcomponents/core5/httpcore5/5.2.3/httpcore5-5.2.3.jar:/home/rico/.m2/repository/org/apache/httpcomponents/core5/httpcore5-h2/5.2.3/httpcore5-h2-5.2.3.jar:/home/rico/.m2/repository/com/netflix/eureka/eureka-client/2.0.1/eureka-client-2.0.1.jar:/home/rico/.m2/repository/com/netflix/netflix-commons/netflix-eventbus/0.3.0/netflix-eventbus-0.3.0.jar:/home/rico/.m2/repository/com/netflix/netflix-commons/netflix-infix/0.3.0/netflix-infix-0.3.0.jar:/home/rico/.m2/repository/commons-jxpath/commons-jxpath/1.3/commons-jxpath-1.3.jar:/home/rico/.m2/repository/joda-time/joda-time/2.3/joda-time-2.3.jar:/home/rico/.m2/repository/org/antlr/antlr-runtime/3.4/antlr-runtime-3.4.jar:/home/rico/.m2/repository/org/antlr/stringtemplate/3.2.1/stringtemplate-3.2.1.jar:/home/rico/.m2/repository/antlr/antlr/2.7.7/antlr-2.7.7.jar:/home/rico/.m2/repository/com/google/code/gson/gson/2.10.1/gson-2.10.1.jar:/home/rico/.m2/repository/org/apache/commons/commons-math/2.2/commons-math-2.2.jar:/home/rico/.m2/repository/com/thoughtworks/xstream/xstream/1.4.19/xstream-1.4.19.jar:/home/rico/.m2/repository/io/github/x-stream/mxparser/1.2.2/mxparser-1.2.2.jar:/home/rico/.m2/repository/xmlpull/xmlpull/1.1.3.1/xmlpull-1.1.3.1.jar:/home/rico/.m2/repository/jakarta/ws/rs/jakarta.ws.rs-api/3.1.0/jakarta.ws.rs-api-3.1.0.jar:/home/rico/.m2/repository/jakarta/inject/jakarta.inject-api/2.0.1/jakarta.inject-api-2.0.1.jar:/home/rico/.m2/repository/jakarta/annotation/jakarta.annotation-api/2.1.1/jakarta.annotation-api-2.1.1.jar:/home/rico/.m2/repository/com/netflix/servo/servo-core/0.12.21/servo-core-0.12.21.jar:/home/rico/.m2/repository/com/google/guava/guava/19.0/guava-19.0.jar:/home/rico/.m2/repository/org/apache/httpcomponents/httpclient/4.5.3/httpclient-4.5.3.jar:/home/rico/.m2/repository/org/apache/httpcomponents/httpcore/4.4.16/httpcore-4.4.16.jar:/home/rico/.m2/repository/commons-codec/commons-codec/1.15/commons-codec-1.15.jar:/home/rico/.m2/repository/commons-configuration/commons-configuration/1.10/commons-configuration-1.10.jar:/home/rico/.m2/repository/commons-lang/commons-lang/2.6/commons-lang-2.6.jar:/home/rico/.m2/repository/com/fasterxml/jackson/core/jackson-annotations/2.15.3/jackson-annotations-2.15.3.jar:/home/rico/.m2/repository/com/fasterxml/jackson/core/jackson-core/2.15.3/jackson-core-2.15.3.jar:/home/rico/.m2/repository/com/fasterxml/jackson/core/jackson-databind/2.15.3/jackson-databind-2.15.3.jar:/home/rico/.m2/repository/org/codehaus/jettison/jettison/1.4.0/jettison-1.4.0.jar:/home/rico/.m2/repository/com/netflix/eureka/eureka-core/2.0.1/eureka-core-2.0.1.jar:/home/rico/.m2/repository/jakarta/servlet/jakarta.servlet-api/6.0.0/jakarta.servlet-api-6.0.0.jar:/home/rico/.m2/repository/com/fasterxml/woodstox/woodstox-core/6.2.1/woodstox-core-6.2.1.jar:/home/rico/.m2/repository/org/codehaus/woodstox/stax2-api/4.2.1/stax2-api-4.2.1.jar:/home/rico/.m2/repository/org/springframework/cloud/spring-cloud-starter-loadbalancer/4.0.4/spring-cloud-starter-loadbalancer-4.0.4.jar:/home/rico/.m2/repository/org/springframework/cloud/spring-cloud-loadbalancer/4.0.4/spring-cloud-loadbalancer-4.0.4.jar:/home/rico/.m2/repository/org/springframework/boot/spring-boot-starter-cache/3.1.5/spring-boot-starter-cache-3.1.5.jar:/home/rico/.m2/repository/org/springframework/spring-context-support/6.0.13/spring-context-support-6.0.13.jar:/home/rico/.m2/repository/com/stoyanr/evictor/1.0.0/evictor-1.0.0.jar:/home/rico/.m2/repository/org/springframework/boot/spring-boot-starter-webflux/3.1.5/spring-boot-starter-webflux-3.1.5.jar:/home/rico/.m2/repository/org/springframework/boot/spring-boot-starter/3.1.5/spring-boot-starter-3.1.5.jar:/home/rico/.m2/repository/org/springframework/boot/spring-boot/3.1.5/spring-boot-3.1.5.jar:/home/rico/.m2/repository/org/springframework/spring-context/6.0.13/spring-context-6.0.13.jar:/home/rico/.m2/repository/org/springframework/spring-expression/6.0.13/spring-expression-6.0.13.jar:/home/rico/.m2/repository/org/springframework/boot/spring-boot-starter-logging/3.1.5/spring-boot-starter-logging-3.1.5.jar:/home/rico/.m2/repository/ch/qos/logback/logback-classic/1.4.11/logback-classic-1.4.11.jar:/home/rico/.m2/repository/ch/qos/logback/logback-core/1.4.11/logback-core-1.4.11.jar:/home/rico/.m2/repository/org/apache/logging/log4j/log4j-to-slf4j/2.20.0/log4j-to-slf4j-2.20.0.jar:/home/rico/.m2/repository/org/apache/logging/log4j/log4j-api/2.20.0/log4j-api-2.20.0.jar:/home/rico/.m2/repository/org/slf4j/jul-to-slf4j/2.0.9/jul-to-slf4j-2.0.9.jar:/home/rico/.m2/repository/org/yaml/snakeyaml/1.33/snakeyaml-1.33.jar:/home/rico/.m2/repository/org/springframework/boot/spring-boot-starter-json/3.1.5/spring-boot-starter-json-3.1.5.jar:/home/rico/.m2/repository/com/fasterxml/jackson/datatype/jackson-datatype-jdk8/2.15.3/jackson-datatype-jdk8-2.15.3.jar:/home/rico/.m2/repository/com/fasterxml/jackson/datatype/jackson-datatype-jsr310/2.15.3/jackson-datatype-jsr310-2.15.3.jar:/home/rico/.m2/repository/com/fasterxml/jackson/module/jackson-module-parameter-names/2.15.3/jackson-module-parameter-names-2.15.3.jar:/home/rico/.m2/repository/org/springframework/boot/spring-boot-starter-reactor-netty/3.1.5/spring-boot-starter-reactor-netty-3.1.5.jar:/home/rico/.m2/repository/io/projectreactor/netty/reactor-netty-http/1.1.12/reactor-netty-http-1.1.12.jar:/home/rico/.m2/repository/io/netty/netty-codec-http/4.1.100.Final/netty-codec-http-4.1.100.Final.jar:/home/rico/.m2/repository/io/netty/netty-common/4.1.100.Final/netty-common-4.1.100.Final.jar:/home/rico/.m2/repository/io/netty/netty-buffer/4.1.100.Final/netty-buffer-4.1.100.Final.jar:/home/rico/.m2/repository/io/netty/netty-transport/4.1.100.Final/netty-transport-4.1.100.Final.jar:/home/rico/.m2/repository/io/netty/netty-codec/4.1.100.Final/netty-codec-4.1.100.Final.jar:/home/rico/.m2/repository/io/netty/netty-handler/4.1.100.Final/netty-handler-4.1.100.Final.jar:/home/rico/.m2/repository/io/netty/netty-codec-http2/4.1.100.Final/netty-codec-http2-4.1.100.Final.jar:/home/rico/.m2/repository/io/netty/netty-resolver-dns/4.1.100.Final/netty-resolver-dns-4.1.100.Final.jar:/home/rico/.m2/repository/io/netty/netty-resolver/4.1.100.Final/netty-resolver-4.1.100.Final.jar:/home/rico/.m2/repository/io/netty/netty-codec-dns/4.1.100.Final/netty-codec-dns-4.1.100.Final.jar:/home/rico/.m2/repository/io/netty/netty-resolver-dns-native-macos/4.1.100.Final/netty-resolver-dns-native-macos-4.1.100.Final-osx-x86_64.jar:/home/rico/.m2/repository/io/netty/netty-resolver-dns-classes-macos/4.1.100.Final/netty-resolver-dns-classes-macos-4.1.100.Final.jar:/home/rico/.m2/repository/io/netty/netty-transport-native-epoll/4.1.100.Final/netty-transport-native-epoll-4.1.100.Final-linux-x86_64.jar:/home/rico/.m2/repository/io/netty/netty-transport-native-unix-common/4.1.100.Final/netty-transport-native-unix-common-4.1.100.Final.jar:/home/rico/.m2/repository/io/netty/netty-transport-classes-epoll/4.1.100.Final/netty-transport-classes-epoll-4.1.100.Final.jar:/home/rico/.m2/repository/io/projectreactor/netty/reactor-netty-core/1.1.12/reactor-netty-core-1.1.12.jar:/home/rico/.m2/repository/io/netty/netty-handler-proxy/4.1.100.Final/netty-handler-proxy-4.1.100.Final.jar:/home/rico/.m2/repository/io/netty/netty-codec-socks/4.1.100.Final/netty-codec-socks-4.1.100.Final.jar:/home/rico/.m2/repository/org/springframework/spring-webflux/6.0.13/spring-webflux-6.0.13.jar:/home/rico/.m2/repository/io/projectreactor/reactor-core/3.5.11/reactor-core-3.5.11.jar:/home/rico/.m2/repository/org/reactivestreams/reactive-streams/1.0.4/reactive-streams-1.0.4.jar:/home/rico/.m2/repository/org/springframework/boot/spring-boot-starter-test/3.1.5/spring-boot-starter-test-3.1.5.jar:/home/rico/.m2/repository/org/springframework/boot/spring-boot-test/3.1.5/spring-boot-test-3.1.5.jar:/home/rico/.m2/repository/org/springframework/boot/spring-boot-test-autoconfigure/3.1.5/spring-boot-test-autoconfigure-3.1.5.jar:/home/rico/.m2/repository/com/jayway/jsonpath/json-path/2.8.0/json-path-2.8.0.jar:/home/rico/.m2/repository/jakarta/xml/bind/jakarta.xml.bind-api/4.0.1/jakarta.xml.bind-api-4.0.1.jar:/home/rico/.m2/repository/jakarta/activation/jakarta.activation-api/2.1.2/jakarta.activation-api-2.1.2.jar:/home/rico/.m2/repository/net/minidev/json-smart/2.4.11/json-smart-2.4.11.jar:/home/rico/.m2/repository/net/minidev/accessors-smart/2.4.11/accessors-smart-2.4.11.jar:/home/rico/.m2/repository/org/ow2/asm/asm/9.3/asm-9.3.jar:/home/rico/.m2/repository/org/assertj/assertj-core/3.24.2/assertj-core-3.24.2.jar:/home/rico/.m2/repository/net/bytebuddy/byte-buddy/1.14.9/byte-buddy-1.14.9.jar:/home/rico/.m2/repository/org/hamcrest/hamcrest/2.2/hamcrest-2.2.jar:/home/rico/.m2/repository/org/junit/jupiter/junit-jupiter/5.9.3/junit-jupiter-5.9.3.jar:/home/rico/.m2/repository/org/junit/jupiter/junit-jupiter-api/5.9.3/junit-jupiter-api-5.9.3.jar:/home/rico/.m2/repository/org/opentest4j/opentest4j/1.2.0/opentest4j-1.2.0.jar:/home/rico/.m2/repository/org/junit/platform/junit-platform-commons/1.9.3/junit-platform-commons-1.9.3.jar:/home/rico/.m2/repository/org/apiguardian/apiguardian-api/1.1.2/apiguardian-api-1.1.2.jar:/home/rico/.m2/repository/org/junit/jupiter/junit-jupiter-params/5.9.3/junit-jupiter-params-5.9.3.jar:/home/rico/.m2/repository/org/junit/jupiter/junit-jupiter-engine/5.9.3/junit-jupiter-engine-5.9.3.jar:/home/rico/.m2/repository/org/junit/platform/junit-platform-engine/1.9.3/junit-platform-engine-1.9.3.jar:/home/rico/.m2/repository/org/mockito/mockito-core/5.3.1/mockito-core-5.3.1.jar:/home/rico/.m2/repository/net/bytebuddy/byte-buddy-agent/1.14.9/byte-buddy-agent-1.14.9.jar:/home/rico/.m2/repository/org/objenesis/objenesis/3.3/objenesis-3.3.jar:/home/rico/.m2/repository/org/mockito/mockito-junit-jupiter/5.3.1/mockito-junit-jupiter-5.3.1.jar:/home/rico/.m2/repository/org/skyscreamer/jsonassert/1.5.1/jsonassert-1.5.1.jar:/home/rico/.m2/repository/com/vaadin/external/google/android-json/0.0.20131108.vaadin1/android-json-0.0.20131108.vaadin1.jar:/home/rico/.m2/repository/org/springframework/spring-core/6.0.13/spring-core-6.0.13.jar:/home/rico/.m2/repository/org/springframework/spring-jcl/6.0.13/spring-jcl-6.0.13.jar:/home/rico/.m2/repository/org/springframework/spring-test/6.0.13/spring-test-6.0.13.jar:/home/rico/.m2/repository/org/xmlunit/xmlunit-core/2.9.1/xmlunit-core-2.9.1.jar:"/>
    <property name="sun.cpu.endian" value="little"/>
    <property name="user.home" value="/home/rico"/>
    <property name="user.language" value="en"/>
    <property name="java.specification.vendor" value="Oracle Corporation"/>
    <property name="java.version.date" value="2023-09-19"/>
    <property name="java.home" value="/home/rico/Downloads/jdk-21"/>
    <property name="file.separator" value="/"/>
    <property name="basedir" value="/home/rico/projects/springProjects/ApiGateway_Microservice/e_commerceApiGateway"/>
    <property name="java.vm.compressedOopsMode" value="32-bit"/>
    <property name="line.separator" value="&#10;"/>
    <property name="java.vm.specification.vendor" value="Oracle Corporation"/>
    <property name="java.specification.name" value="Java Platform API Specification"/>
    <property name="FILE_LOG_CHARSET" value="UTF-8"/>
    <property name="java.awt.headless" value="true"/>
    <property name="surefire.real.class.path" value="/home/rico/projects/springProjects/ApiGateway_Microservice/e_commerceApiGateway/target/surefire/surefirebooter-20231104182528045_3.jar"/>
    <property name="sun.management.compiler" value="HotSpot 64-Bit Tiered Compilers"/>
    <property name="java.runtime.version" value="21+35-2513"/>
    <property name="user.name" value="rico"/>
    <property name="stdout.encoding" value="UTF-8"/>
    <property name="path.separator" value=":"/>
    <property name="os.version" value="6.1.0-1parrot1-amd64"/>
    <property name="java.runtime.name" value="OpenJDK Runtime Environment"/>
    <property name="file.encoding" value="UTF-8"/>
    <property name="java.vm.name" value="OpenJDK 64-Bit Server VM"/>
    <property name="localRepository" value="/home/rico/.m2/repository"/>
    <property name="java.vendor.url.bug" value="https://bugreport.java.com/bugreport/"/>
    <property name="java.io.tmpdir" value="/tmp"/>
    <property name="idea.version" value="2023.2.4"/>
    <property name="java.version" value="21"/>
    <property name="user.dir" value="/home/rico/projects/springProjects/ApiGateway_Microservice/e_commerceApiGateway"/>
    <property name="os.arch" value="amd64"/>
    <property name="java.vm.specification.name" value="Java Virtual Machine Specification"/>
    <property name="PID" value="36880"/>
    <property name="CONSOLE_LOG_CHARSET" value="UTF-8"/>
    <property name="native.encoding" value="UTF-8"/>
    <property name="java.library.path" value="/usr/java/packages/lib:/usr/lib64:/lib64:/lib:/usr/lib"/>
    <property name="java.vm.info" value="mixed mode, sharing"/>
    <property name="stderr.encoding" value="UTF-8"/>
    <property name="java.vendor" value="Oracle Corporation"/>
    <property name="java.vm.version" value="21+35-2513"/>
    <property name="sun.io.unicode.encoding" value="UnicodeLittle"/>
    <property name="java.class.version" value="65.0"/>
  </properties>
  <testcase name="contextLoads" classname="com.ricodev.e_commerceapigateway.ECommerceApiGatewayApplicationTests" time="1.56">
    <system-out><![CDATA[18:25:29.087 [main] INFO org.springframework.test.context.support.AnnotationConfigContextLoaderUtils -- Could not detect default configuration classes for test class [com.ricodev.e_commerceapigateway.ECommerceApiGatewayApplicationTests]: ECommerceApiGatewayApplicationTests does not declare any static, non-private, non-final, nested classes annotated with @Configuration.
18:25:29.222 [main] INFO org.springframework.boot.test.context.SpringBootTestContextBootstrapper -- Found @SpringBootConfiguration com.ricodev.e_commerceapigateway.ECommerceApiGatewayApplication for test class com.ricodev.e_commerceapigateway.ECommerceApiGatewayApplicationTests

  .   ____          _            __ _ _
 /\\ / ___'_ __ _ _(_)_ __  __ _ \ \ \ \
( ( )\___ | '_ | '_| | '_ \/ _` | \ \ \ \
 \\/  ___)| |_)| | | | | || (_| |  ) ) ) )
  '  |____| .__|_| |_|_| |_\__, | / / / /
 =========|_|==============|___/=/_/_/_/
 :: Spring Boot ::                (v3.1.5)

2023-11-04T18:25:29.907+03:00  INFO 36880 --- [           main] .r.e.ECommerceApiGatewayApplicationTests : Starting ECommerceApiGatewayApplicationTests using Java 21 with PID 36880 (started by rico in /home/rico/projects/springProjects/ApiGateway_Microservice/e_commerceApiGateway)
2023-11-04T18:25:29.908+03:00  INFO 36880 --- [           main] .r.e.ECommerceApiGatewayApplicationTests : No active profile set, falling back to 1 default profile: "default"
2023-11-04T18:25:31.496+03:00  INFO 36880 --- [           main] o.s.cloud.context.scope.GenericScope     : BeanFactory id=b4d1d503-8bca-3312-bc62-a2be245027fc
2023-11-04T18:25:31.821+03:00  INFO 36880 --- [           main] trationDelegate$BeanPostProcessorChecker : Bean 'org.springframework.cloud.client.loadbalancer.reactive.LoadBalancerBeanPostProcessorAutoConfiguration' of type [org.springframework.cloud.client.loadbalancer.reactive.LoadBalancerBeanPostProcessorAutoConfiguration] is not eligible for getting processed by all BeanPostProcessors (for example: not eligible for auto-proxying)
2023-11-04T18:25:31.829+03:00  INFO 36880 --- [           main] trationDelegate$BeanPostProcessorChecker : Bean 'org.springframework.cloud.client.loadbalancer.reactive.LoadBalancerBeanPostProcessorAutoConfiguration$ReactorDeferringLoadBalancerFilterConfig' of type [org.springframework.cloud.client.loadbalancer.reactive.LoadBalancerBeanPostProcessorAutoConfiguration$ReactorDeferringLoadBalancerFilterConfig] is not eligible for getting processed by all BeanPostProcessors (for example: not eligible for auto-proxying)
2023-11-04T18:25:31.836+03:00  INFO 36880 --- [           main] trationDelegate$BeanPostProcessorChecker : Bean 'reactorDeferringLoadBalancerExchangeFilterFunction' of type [org.springframework.cloud.client.loadbalancer.reactive.DeferringLoadBalancerExchangeFilterFunction] is not eligible for getting processed by all BeanPostProcessors (for example: not eligible for auto-proxying)
2023-11-04T18:25:33.633+03:00  INFO 36880 --- [           main] o.s.cloud.commons.util.InetUtils         : Cannot determine local hostname
2023-11-04T18:25:34.540+03:00  INFO 36880 --- [           main] o.s.c.g.r.RouteDefinitionRouteLocator    : Loaded RoutePredicateFactory [After]
2023-11-04T18:25:34.540+03:00  INFO 36880 --- [           main] o.s.c.g.r.RouteDefinitionRouteLocator    : Loaded RoutePredicateFactory [Before]
2023-11-04T18:25:34.540+03:00  INFO 36880 --- [           main] o.s.c.g.r.RouteDefinitionRouteLocator    : Loaded RoutePredicateFactory [Between]
2023-11-04T18:25:34.540+03:00  INFO 36880 --- [           main] o.s.c.g.r.RouteDefinitionRouteLocator    : Loaded RoutePredicateFactory [Cookie]
2023-11-04T18:25:34.540+03:00  INFO 36880 --- [           main] o.s.c.g.r.RouteDefinitionRouteLocator    : Loaded RoutePredicateFactory [Header]
2023-11-04T18:25:34.541+03:00  INFO 36880 --- [           main] o.s.c.g.r.RouteDefinitionRouteLocator    : Loaded RoutePredicateFactory [Host]
2023-11-04T18:25:34.541+03:00  INFO 36880 --- [           main] o.s.c.g.r.RouteDefinitionRouteLocator    : Loaded RoutePredicateFactory [Method]
2023-11-04T18:25:34.541+03:00  INFO 36880 --- [           main] o.s.c.g.r.RouteDefinitionRouteLocator    : Loaded RoutePredicateFactory [Path]
2023-11-04T18:25:34.541+03:00  INFO 36880 --- [           main] o.s.c.g.r.RouteDefinitionRouteLocator    : Loaded RoutePredicateFactory [Query]
2023-11-04T18:25:34.541+03:00  INFO 36880 --- [           main] o.s.c.g.r.RouteDefinitionRouteLocator    : Loaded RoutePredicateFactory [ReadBody]
2023-11-04T18:25:34.541+03:00  INFO 36880 --- [           main] o.s.c.g.r.RouteDefinitionRouteLocator    : Loaded RoutePredicateFactory [RemoteAddr]
2023-11-04T18:25:34.541+03:00  INFO 36880 --- [           main] o.s.c.g.r.RouteDefinitionRouteLocator    : Loaded RoutePredicateFactory [XForwardedRemoteAddr]
2023-11-04T18:25:34.542+03:00  INFO 36880 --- [           main] o.s.c.g.r.RouteDefinitionRouteLocator    : Loaded RoutePredicateFactory [Weight]
2023-11-04T18:25:34.542+03:00  INFO 36880 --- [           main] o.s.c.g.r.RouteDefinitionRouteLocator    : Loaded RoutePredicateFactory [CloudFoundryRouteService]
2023-11-04T18:25:35.271+03:00  INFO 36880 --- [           main] DiscoveryClientOptionalArgsConfiguration : Eureka HTTP Client uses RestTemplate.
2023-11-04T18:25:36.298+03:00  INFO 36880 --- [           main] o.s.cloud.commons.util.InetUtils         : Cannot determine local hostname
2023-11-04T18:25:37.353+03:00  INFO 36880 --- [           main] o.s.cloud.commons.util.InetUtils         : Cannot determine local hostname
2023-11-04T18:25:37.486+03:00  WARN 36880 --- [           main] iguration$LoadBalancerCaffeineWarnLogger : Spring Cloud LoadBalancer is currently working with the default cache. While this cache implementation is useful for development and tests, it's recommended to use Caffeine cache in production.You can switch to using Caffeine cache, by adding it and org.springframework.cache.caffeine.CaffeineCacheManager to the classpath.
2023-11-04T18:25:37.570+03:00  INFO 36880 --- [           main] o.s.c.n.eureka.InstanceInfoFactory       : Setting initial instance status as: STARTING
2023-11-04T18:25:37.735+03:00  INFO 36880 --- [           main] com.netflix.discovery.DiscoveryClient    : Initializing Eureka in region us-east-1
2023-11-04T18:25:37.743+03:00  INFO 36880 --- [           main] c.n.d.s.r.aws.ConfigClusterResolver      : Resolving eureka endpoints via configuration
2023-11-04T18:25:37.767+03:00  INFO 36880 --- [           main] com.netflix.discovery.DiscoveryClient    : Disable delta property : false
2023-11-04T18:25:37.767+03:00  INFO 36880 --- [           main] com.netflix.discovery.DiscoveryClient    : Single vip registry refresh property : null
2023-11-04T18:25:37.767+03:00  INFO 36880 --- [           main] com.netflix.discovery.DiscoveryClient    : Force full registry fetch : false
2023-11-04T18:25:37.767+03:00  INFO 36880 --- [           main] com.netflix.discovery.DiscoveryClient    : Application is null : false
2023-11-04T18:25:37.767+03:00  INFO 36880 --- [           main] com.netflix.discovery.DiscoveryClient    : Registered Applications size is zero : true
2023-11-04T18:25:37.768+03:00  INFO 36880 --- [           main] com.netflix.discovery.DiscoveryClient    : Application version is -1: true
2023-11-04T18:25:37.768+03:00  INFO 36880 --- [           main] com.netflix.discovery.DiscoveryClient    : Getting all instance registry info from the eureka server
2023-11-04T18:25:40.023+03:00  INFO 36880 --- [           main] com.netflix.discovery.DiscoveryClient    : The response status is 200
2023-11-04T18:25:40.025+03:00  INFO 36880 --- [           main] com.netflix.discovery.DiscoveryClient    : Starting heartbeat executor: renew interval is: 30
2023-11-04T18:25:40.028+03:00  INFO 36880 --- [           main] c.n.discovery.InstanceInfoReplicator     : InstanceInfoReplicator onDemand update allowed rate per min is 4
2023-11-04T18:25:40.035+03:00  INFO 36880 --- [           main] com.netflix.discovery.DiscoveryClient    : Discovery Client initialized at timestamp 1699111540034 with initial instances count: 0
2023-11-04T18:25:40.045+03:00  INFO 36880 --- [           main] o.s.c.n.e.s.EurekaServiceRegistry        : Registering application ECOMMERCE-API-GATEWAY with eureka with status UP
2023-11-04T18:25:40.046+03:00  INFO 36880 --- [           main] com.netflix.discovery.DiscoveryClient    : Saw local status change event StatusChangeEvent [timestamp=1699111540046, current=UP, previous=STARTING]
2023-11-04T18:25:40.047+03:00  INFO 36880 --- [nfoReplicator-0] com.netflix.discovery.DiscoveryClient    : DiscoveryClient_ECOMMERCE-API-GATEWAY/192.168.0.104:ECOMMERCE-API-GATEWAY:8089: registering service...
2023-11-04T18:25:40.166+03:00  INFO 36880 --- [           main] .r.e.ECommerceApiGatewayApplicationTests : Started ECommerceApiGatewayApplicationTests in 10.751 seconds (process running for 12.05)
]]></system-out>
    <system-err><![CDATA[WARNING: A Java agent has been loaded dynamically (/home/rico/.m2/repository/net/bytebuddy/byte-buddy-agent/1.14.9/byte-buddy-agent-1.14.9.jar)
WARNING: If a serviceability tool is in use, please run with -XX:+EnableDynamicAgentLoading to hide this warning
WARNING: If a serviceability tool is not in use, please run with -Djdk.instrument.traceUsage for more information
WARNING: Dynamic loading of agents will be disallowed by default in a future release
]]></system-err>
  </testcase>
</testsuite>